<?xml version="1.0" encoding="UTF-8"?>
<testsuite name="MusicAdvisorTest" tests="1" skipped="0" failures="1" errors="0" timestamp="2022-08-21T16:26:10" hostname="LAPTOP-VBFHQFG2" time="1.112">
  <properties/>
  <testcase name="start" classname="MusicAdvisorTest" time="1.112">
    <failure message="java.lang.AssertionError: Wrong answer in test #4&#10;&#10;There are no featured playlists in correct format on &quot;featured&quot; action&#10;&#10;Please find below the output of your program during this failed test.&#10;Note that the '&gt;' character indicates the beginning of the input line.&#10;&#10;---&#10;&#10;Arguments: -access http://127.0.0.1:45678 -resource http://127.0.0.1:56789&#10;&#10;&gt; auth&#10;use this link to request the access code:&#10;http://127.0.0.1:45678/authorize?client_id=e250b9f5fe2848f08f36f20b1274866a&amp;redirect_uri=http://localhost:8000&amp;response_type=code&#10;waiting for code...&#10;Tester: making requests to redirect uri: http://localhost:8000&#10;Tester: done request 1: Authorization code not found. Try again.&#10;Tester: done request 2: Authorization code not found. Try again.&#10;Tester: done request 3: Got the code. Return back to your program.&#10;code received&#10;making http request for access_token...&#10;response:&#10;{&quot;access_token&quot;:&quot;456456&quot;,&quot;token_type&quot;:&quot;Bearer&quot;,&quot;expires_in&quot;:3600,&quot;refresh_token&quot;:&quot;567567&quot;,&quot;scope&quot;:&quot;&quot;}&#10;---SUCCESS---&#10;&gt; featured&#10;&#10;&#10;Requested:  http://127.0.0.1:56789/v1/browse/featured-playlists&#10;&#10;&#10;Monday Morning Moodhttp://open.spotify.com/user/spotify/playlist/6ftJBzU2LLQcaKefMi7ee7&#10;&#10;Upp och hoppa!http://open.spotify.com/user/spotify__sverige/playlist/4uOEx4OUrkoGNZoIlWMUbO&#10;&#10;&#10;---Page 1 of 0---" type="java.lang.AssertionError">java.lang.AssertionError: Wrong answer in test #4

There are no featured playlists in correct format on &quot;featured&quot; action

Please find below the output of your program during this failed test.
Note that the '&gt;' character indicates the beginning of the input line.

---

Arguments: -access http://127.0.0.1:45678 -resource http://127.0.0.1:56789

&gt; auth
use this link to request the access code:
http://127.0.0.1:45678/authorize?client_id=e250b9f5fe2848f08f36f20b1274866a&amp;redirect_uri=http://localhost:8000&amp;response_type=code
waiting for code...
Tester: making requests to redirect uri: http://localhost:8000
Tester: done request 1: Authorization code not found. Try again.
Tester: done request 2: Authorization code not found. Try again.
Tester: done request 3: Got the code. Return back to your program.
code received
making http request for access_token...
response:
{&quot;access_token&quot;:&quot;456456&quot;,&quot;token_type&quot;:&quot;Bearer&quot;,&quot;expires_in&quot;:3600,&quot;refresh_token&quot;:&quot;567567&quot;,&quot;scope&quot;:&quot;&quot;}
---SUCCESS---
&gt; featured


Requested:  http://127.0.0.1:56789/v1/browse/featured-playlists


Monday Morning Moodhttp://open.spotify.com/user/spotify/playlist/6ftJBzU2LLQcaKefMi7ee7

Upp och hoppa!http://open.spotify.com/user/spotify__sverige/playlist/4uOEx4OUrkoGNZoIlWMUbO


---Page 1 of 0---
	at org.junit.Assert.fail(Assert.java:88)
	at org.hyperskill.hstest.stage.StageTest.start(StageTest.java:155)
	at java.base/jdk.internal.reflect.NativeMethodAccessorImpl.invoke0(Native Method)
	at java.base/jdk.internal.reflect.NativeMethodAccessorImpl.invoke(NativeMethodAccessorImpl.java:77)
	at java.base/jdk.internal.reflect.DelegatingMethodAccessorImpl.invoke(DelegatingMethodAccessorImpl.java:43)
	at java.base/java.lang.reflect.Method.invoke(Method.java:568)
	at org.junit.runners.model.FrameworkMethod$1.runReflectiveCall(FrameworkMethod.java:50)
	at org.junit.internal.runners.model.ReflectiveCallable.run(ReflectiveCallable.java:12)
	at org.junit.runners.model.FrameworkMethod.invokeExplosively(FrameworkMethod.java:47)
	at org.junit.internal.runners.statements.InvokeMethod.evaluate(InvokeMethod.java:17)
	at org.junit.runners.ParentRunner.runLeaf(ParentRunner.java:325)
	at org.junit.runners.BlockJUnit4ClassRunner.runChild(BlockJUnit4ClassRunner.java:78)
	at org.junit.runners.BlockJUnit4ClassRunner.runChild(BlockJUnit4ClassRunner.java:57)
	at org.junit.runners.ParentRunner$3.run(ParentRunner.java:290)
	at org.junit.runners.ParentRunner$1.schedule(ParentRunner.java:71)
	at org.junit.runners.ParentRunner.runChildren(ParentRunner.java:288)
	at org.junit.runners.ParentRunner.access$000(ParentRunner.java:58)
	at org.junit.runners.ParentRunner$2.evaluate(ParentRunner.java:268)
	at org.junit.internal.runners.statements.RunAfters.evaluate(RunAfters.java:27)
	at org.junit.runners.ParentRunner.run(ParentRunner.java:363)
	at org.gradle.api.internal.tasks.testing.junit.JUnitTestClassExecutor.runTestClass(JUnitTestClassExecutor.java:110)
	at org.gradle.api.internal.tasks.testing.junit.JUnitTestClassExecutor.execute(JUnitTestClassExecutor.java:58)
	at org.gradle.api.internal.tasks.testing.junit.JUnitTestClassExecutor.execute(JUnitTestClassExecutor.java:38)
	at org.gradle.api.internal.tasks.testing.junit.AbstractJUnitTestClassProcessor.processTestClass(AbstractJUnitTestClassProcessor.java:62)
	at org.gradle.api.internal.tasks.testing.SuiteTestClassProcessor.processTestClass(SuiteTestClassProcessor.java:51)
	at java.base/jdk.internal.reflect.NativeMethodAccessorImpl.invoke0(Native Method)
	at java.base/jdk.internal.reflect.NativeMethodAccessorImpl.invoke(NativeMethodAccessorImpl.java:77)
	at java.base/jdk.internal.reflect.DelegatingMethodAccessorImpl.invoke(DelegatingMethodAccessorImpl.java:43)
	at java.base/java.lang.reflect.Method.invoke(Method.java:568)
	at org.gradle.internal.dispatch.ReflectionDispatch.dispatch(ReflectionDispatch.java:36)
	at org.gradle.internal.dispatch.ReflectionDispatch.dispatch(ReflectionDispatch.java:24)
	at org.gradle.internal.dispatch.ContextClassLoaderDispatch.dispatch(ContextClassLoaderDispatch.java:33)
	at org.gradle.internal.dispatch.ProxyDispatchAdapter$DispatchingInvocationHandler.invoke(ProxyDispatchAdapter.java:94)
	at jdk.proxy1/jdk.proxy1.$Proxy2.processTestClass(Unknown Source)
	at org.gradle.api.internal.tasks.testing.worker.TestWorker$2.run(TestWorker.java:176)
	at org.gradle.api.internal.tasks.testing.worker.TestWorker.executeAndMaintainThreadName(TestWorker.java:129)
	at org.gradle.api.internal.tasks.testing.worker.TestWorker.execute(TestWorker.java:100)
	at org.gradle.api.internal.tasks.testing.worker.TestWorker.execute(TestWorker.java:60)
	at org.gradle.process.internal.worker.child.ActionExecutionWorker.execute(ActionExecutionWorker.java:56)
	at org.gradle.process.internal.worker.child.SystemApplicationClassLoaderWorker.call(SystemApplicationClassLoaderWorker.java:133)
	at org.gradle.process.internal.worker.child.SystemApplicationClassLoaderWorker.call(SystemApplicationClassLoaderWorker.java:71)
	at worker.org.gradle.process.internal.worker.GradleWorkerMain.run(GradleWorkerMain.java:69)
	at worker.org.gradle.process.internal.worker.GradleWorkerMain.main(GradleWorkerMain.java:74)
</failure>
  </testcase>
  <system-out><![CDATA[?[1;31m
Start test 1?[0m
> auth
use this link to request the access code:
http://127.0.0.1:45678/authorize?client_id=e250b9f5fe2848f08f36f20b1274866a&redirect_uri=http://localhost:8000&response_type=code
waiting for code...
Tester: making requests to redirect uri: http://localhost:8000
Tester: done request 1: Authorization code not found. Try again.
Tester: done request 2: Authorization code not found. Try again.
Tester: done request 3: Got the code. Return back to your program.
code received
making http request for access_token...
response:
{"access_token":"456456","token_type":"Bearer","expires_in":3600,"refresh_token":"567567","scope":""}
---SUCCESS---
> exit
---GOODBYE!---
?[1;31m
Start test 2?[0m
> auth
use this link to request the access code:
http://127.0.0.1:45678/authorize?client_id=e250b9f5fe2848f08f36f20b1274866a&redirect_uri=http://localhost:8000&response_type=code
waiting for code...
Tester: making requests to redirect uri: http://localhost:8000
Tester: done request 1: Authorization code not found. Try again.
Tester: done request 2: Authorization code not found. Try again.
Tester: done request 3: Got the code. Return back to your program.
code received
making http request for access_token...
response:
{"access_token":"456456","token_type":"Bearer","expires_in":3600,"refresh_token":"567567","scope":""}
---SUCCESS---
> categories


Requested:  http://127.0.0.1:56789/v1/browse/categories


Top Lists

Super Mood

Party Time


---Page 1 of 0---
> exit
---GOODBYE!---
?[1;31m
Start test 3?[0m
> categories
Please, provide access for application.
> exit
?[1;31m
Start test 4?[0m
> auth
use this link to request the access code:
http://127.0.0.1:45678/authorize?client_id=e250b9f5fe2848f08f36f20b1274866a&redirect_uri=http://localhost:8000&response_type=code
waiting for code...
Tester: making requests to redirect uri: http://localhost:8000
Tester: done request 1: Authorization code not found. Try again.
Tester: done request 2: Authorization code not found. Try again.
Tester: done request 3: Got the code. Return back to your program.
code received
making http request for access_token...
response:
{"access_token":"456456","token_type":"Bearer","expires_in":3600,"refresh_token":"567567","scope":""}
---SUCCESS---
> featured


Requested:  http://127.0.0.1:56789/v1/browse/featured-playlists


Monday Morning Moodhttp://open.spotify.com/user/spotify/playlist/6ftJBzU2LLQcaKefMi7ee7

Upp och hoppa!http://open.spotify.com/user/spotify__sverige/playlist/4uOEx4OUrkoGNZoIlWMUbO


---Page 1 of 0---
]]></system-out>
  <system-err><![CDATA[]]></system-err>
</testsuite>
